2020.05.27 09:31:52 INFO  started: Metals version 0.9.0 in workspace '/Users/IvanFerrante/Desktop/akka-http'
2020.05.27 09:31:55 INFO  time: initialize in 2.36s
2020.05.27 09:31:59 INFO  running '/Users/IvanFerrante/Library/Java/JavaVirtualMachines/corretto-11.0.7/Contents/Home/bin/java -Djline.terminal=jline.UnsupportedTerminal -Dsbt.log.noformat=true -Dfile.encoding=UTF-8 -jar /var/folders/2w/qkqxy6h91jz_d0_vk99q76xh0000gn/T/metals8715153613996011365/sbt-launch.jar -Dbloop.export-jar-classifiers=sources bloopInstall'
2020.05.27 09:32:08 INFO  [info] Loading global plugins from /Users/IvanFerrante/.sbt/1.0/plugins
2020.05.27 09:32:12 INFO  [info] Loading project definition from /Users/IvanFerrante/Desktop/akka-http/project/project
2020.05.27 09:32:12 INFO  [info] Updating ProjectRef(uri("file:/Users/IvanFerrante/Desktop/akka-http/project/project/"), "akka-http-build-build")...
2020.05.27 09:32:15 INFO  [info] Done updating.
2020.05.27 09:32:20 INFO  [info] Loading settings from metals.sbt ...
2020.05.27 09:32:20 INFO  [info] Loading project definition from /Users/IvanFerrante/Desktop/akka-http/project
2020.05.27 09:32:20 INFO  [info] Updating ProjectRef(uri("file:/Users/IvanFerrante/Desktop/akka-http/project/"), "akka-http-build")...
2020.05.27 09:32:23 INFO  [info] Done updating.
2020.05.27 09:32:26 INFO  [info] Loading settings from build.sbt ...
2020.05.27 09:32:26 INFO  [info] Set current project to akkahttp-quickstart (in build file:/Users/IvanFerrante/Desktop/akka-http/)
2020.05.27 09:32:26 INFO  [info] Updating ...
2020.05.27 09:32:26 INFO  [info] Done updating.
2020.05.27 09:32:26 INFO  [success] Generated .bloop/akka-http.json
2020.05.27 09:32:26 INFO  [success] Generated .bloop/akka-http-test.json
2020.05.27 09:32:26 INFO  [success] Total time: 0 s, completed May 27, 2020, 9:32:26 AM
2020.05.27 09:32:26 INFO  build tool exit: 0
2020.05.27 09:32:27 INFO  time: ran 'sbt bloopInstall' in 27s
Starting the bsp launcher for bloop...
Opening a bsp server connection with 'bsp --protocol local --socket /var/folders/2w/qkqxy6h91jz_d0_vk99q76xh0000gn/T/bsp-launcher5776185305356083840/bsp.socket'...
Waiting for the bsp connection to come up...
[0m[32m[D][0m Loading 2 projects from '/Users/IvanFerrante/Desktop/akka-http/.bloop'...
[0m[32m[D][0m Loading project from '/Users/IvanFerrante/Desktop/akka-http/.bloop/akka-http-test.json'
[0m[32m[D][0m Loading project from '/Users/IvanFerrante/Desktop/akka-http/.bloop/akka-http.json'
[0m[32m[D][0m Missing analysis file for project 'akka-http'
[0m[32m[D][0m Missing analysis file for project 'akka-http-test'
[0m[32m[D][0m Waiting for a connection at local:///var/folders/2w/qkqxy6h91jz_d0_vk99q76xh0000gn/T/bsp-launcher5776185305356083840/bsp.socket...
The server is listening for incoming connections at local:///var/folders/2w/qkqxy6h91jz_d0_vk99q76xh0000gn/T/bsp-launcher5776185305356083840/bsp.socket...
Starting thread that pumps stdin and redirects it to the bsp server...
Starting thread that pumps server stdout and redirects it to the client stdout...
2020.05.27 09:32:27 INFO  tracing is disabled for protocol BSP, to enable tracing of incoming and outgoing JSON messages create an empty file at /Users/IvanFerrante/Library/Caches/org.scalameta.metals/bsp.trace.json
2020.05.27 09:32:27 INFO  time: connected to build server in 0.22s
2020.05.27 09:32:27 INFO  Connected to Build server v1.4.0-RC1-229-b7c15aa9
2020.05.27 09:32:32 INFO  time: indexed workspace in 5.3s
2020.05.27 09:46:48 INFO  no build target: using presentation compiler with only scala-library
May 27, 2020 9:46:51 AM org.eclipse.lsp4j.jsonrpc.RemoteEndpoint handleCancellation
WARNING: Unmatched cancel notification for request id 1
May 27, 2020 9:46:51 AM org.eclipse.lsp4j.jsonrpc.RemoteEndpoint handleCancellation
WARNING: Unmatched cancel notification for request id 6
May 27, 2020 9:46:51 AM org.eclipse.lsp4j.jsonrpc.RemoteEndpoint handleCancellation
WARNING: Unmatched cancel notification for request id 4
2020.05.27 09:54:51 INFO  compiling akka-http (1 scala source)
2020.05.27 09:55:07 INFO  time: compiled akka-http in 16s
2020.05.27 09:55:11 INFO  compiling akka-http (1 scala source)
2020.05.27 09:55:12 INFO  time: compiled akka-http in 1.06s
2020.05.27 09:56:27 INFO  running '/Users/IvanFerrante/Library/Java/JavaVirtualMachines/corretto-11.0.7/Contents/Home/bin/java -Djline.terminal=jline.UnsupportedTerminal -Dsbt.log.noformat=true -Dfile.encoding=UTF-8 -jar /var/folders/2w/qkqxy6h91jz_d0_vk99q76xh0000gn/T/metals16932648002992482592/sbt-launch.jar -Dbloop.export-jar-classifiers=sources bloopInstall'
2020.05.27 09:56:36 INFO  [info] Loading global plugins from /Users/IvanFerrante/.sbt/1.0/plugins
2020.05.27 09:56:40 INFO  [info] Loading project definition from /Users/IvanFerrante/Desktop/akka-http/project/project
2020.05.27 09:56:42 INFO  [info] Loading settings from metals.sbt ...
2020.05.27 09:56:42 INFO  [info] Loading project definition from /Users/IvanFerrante/Desktop/akka-http/project
2020.05.27 09:56:49 INFO  [info] Loading settings from build.sbt ...
2020.05.27 09:56:49 INFO  [info] Set current project to akkahttp-quickstart (in build file:/Users/IvanFerrante/Desktop/akka-http/)
2020.05.27 09:56:49 INFO  [info] Updating ...
2020.05.27 09:57:06 INFO  [info] downloading https://repo1.maven.org/maven2/io/circe/circe-jawn_2.12/0.13.0/circe-jawn_2.12-0.13.0.jar ...
2020.05.27 09:57:06 INFO  [info] downloading https://repo1.maven.org/maven2/com/typesafe/config/1.4.0/config-1.4.0.jar ...
2020.05.27 09:57:06 INFO  [info] downloading https://repo1.maven.org/maven2/io/circe/circe-parser_2.12/0.13.0/circe-parser_2.12-0.13.0.jar ...
2020.05.27 09:57:06 INFO  [info] downloading https://repo1.maven.org/maven2/com/typesafe/akka/akka-actor_2.12/2.6.3/akka-actor_2.12-2.6.3.jar ...
2020.05.27 09:57:06 INFO  [info] downloading https://repo1.maven.org/maven2/org/reactivestreams/reactive-streams/1.0.3/reactive-streams-1.0.3.jar ...
2020.05.27 09:57:06 INFO  [info] downloading https://repo1.maven.org/maven2/com/chuusai/shapeless_2.12/2.3.3/shapeless_2.12-2.3.3.jar ...
2020.05.27 09:57:06 INFO  [info] downloading https://repo1.maven.org/maven2/com/typesafe/akka/akka-http-core_2.12/10.1.11/akka-http-core_2.12-10.1.11.jar ...
2020.05.27 09:57:06 INFO  [info] downloading https://repo1.maven.org/maven2/io/circe/circe-numbers_2.12/0.13.0/circe-numbers_2.12-0.13.0.jar ...
2020.05.27 09:57:06 INFO  [info] downloading https://repo1.maven.org/maven2/de/heikoseeberger/akka-http-circe_2.12/1.31.0/akka-http-circe_2.12-1.31.0.jar ...
2020.05.27 09:57:06 INFO  [info] downloading https://repo1.maven.org/maven2/org/typelevel/cats-macros_2.12/2.1.0/cats-macros_2.12-2.1.0.jar ...
2020.05.27 09:57:06 INFO  [info] downloading https://repo1.maven.org/maven2/org/scalactic/scalactic_2.12/3.1.2/scalactic_2.12-3.1.2.jar ...
2020.05.27 09:57:06 INFO  [info] downloading https://repo1.maven.org/maven2/com/google/protobuf/protobuf-java/3.10.0/protobuf-java-3.10.0.jar ...
2020.05.27 09:57:06 INFO  [info] downloading https://repo1.maven.org/maven2/org/scala-lang/modules/scala-java8-compat_2.12/0.8.0/scala-java8-compat_2.12-0.8.0.jar ...
2020.05.27 09:57:06 INFO  [info] downloading https://repo1.maven.org/maven2/io/circe/circe-generic_2.12/0.12.3/circe-generic_2.12-0.12.3.jar ...
2020.05.27 09:57:06 INFO  [info] downloading https://repo1.maven.org/maven2/com/typesafe/akka/akka-stream-testkit_2.12/2.5.13/akka-stream-testkit_2.12-2.5.13.jar ...
2020.05.27 09:57:06 INFO  [info] downloading https://repo1.maven.org/maven2/org/scalatest/scalatest_2.12/3.1.2/scalatest_2.12-3.1.2.jar ...
2020.05.27 09:57:06 INFO  [info] downloading https://repo1.maven.org/maven2/org/typelevel/jawn-parser_2.12/1.0.0/jawn-parser_2.12-1.0.0.jar ...
2020.05.27 09:57:06 INFO  [info] 	[SUCCESSFUL ] org.reactivestreams#reactive-streams;1.0.3!reactive-streams.jar (287ms)
2020.05.27 09:57:06 INFO  [info] downloading https://repo1.maven.org/maven2/com/typesafe/ssl-config-core_2.12/0.4.1/ssl-config-core_2.12-0.4.1.jar ...
2020.05.27 09:57:06 INFO  [info] 	[SUCCESSFUL ] io.circe#circe-jawn_2.12;0.13.0!circe-jawn_2.12.jar (304ms)
2020.05.27 09:57:06 INFO  [info] 	[SUCCESSFUL ] io.circe#circe-numbers_2.12;0.13.0!circe-numbers_2.12.jar (286ms)
2020.05.27 09:57:06 INFO  [info] downloading https://repo1.maven.org/maven2/org/typelevel/cats-core_2.12/2.1.0/cats-core_2.12-2.1.0.jar ...
2020.05.27 09:57:06 INFO  [info] 	[SUCCESSFUL ] com.typesafe#config;1.4.0!config.jar(bundle) (320ms)
2020.05.27 09:57:06 INFO  [info] 	[SUCCESSFUL ] org.typelevel#cats-macros_2.12;2.1.0!cats-macros_2.12.jar (313ms)
2020.05.27 09:57:06 INFO  [info] downloading https://repo1.maven.org/maven2/org/typelevel/cats-kernel_2.12/2.1.0/cats-kernel_2.12-2.1.0.jar ...
2020.05.27 09:57:06 INFO  [info] 	[SUCCESSFUL ] de.heikoseeberger#akka-http-circe_2.12;1.31.0!akka-http-circe_2.12.jar (363ms)
2020.05.27 09:57:06 INFO  [info] 	[SUCCESSFUL ] com.typesafe.akka#akka-stream-testkit_2.12;2.5.13!akka-stream-testkit_2.12.jar (263ms)
2020.05.27 09:57:06 INFO  [info] downloading https://repo1.maven.org/maven2/com/typesafe/akka/akka-http-testkit_2.12/10.1.3/akka-http-testkit_2.12-10.1.3.jar ...
2020.05.27 09:57:06 INFO  [info] 	[SUCCESSFUL ] io.circe#circe-parser_2.12;0.13.0!circe-parser_2.12.jar (491ms)
2020.05.27 09:57:06 INFO  [info] 	[SUCCESSFUL ] io.circe#circe-generic_2.12;0.12.3!circe-generic_2.12.jar (356ms)
2020.05.27 09:57:06 INFO  [info] 	[SUCCESSFUL ] com.typesafe#ssl-config-core_2.12;0.4.1!ssl-config-core_2.12.jar(bundle) (415ms)
2020.05.27 09:57:06 INFO  [info] 	[SUCCESSFUL ] org.typelevel#jawn-parser_2.12;1.0.0!jawn-parser_2.12.jar (564ms)
2020.05.27 09:57:06 INFO  [info] downloading https://repo1.maven.org/maven2/com/typesafe/akka/akka-testkit_2.12/2.5.13/akka-testkit_2.12-2.5.13.jar ...
2020.05.27 09:57:06 INFO  [info] 	[SUCCESSFUL ] com.typesafe.akka#akka-http-testkit_2.12;10.1.3!akka-http-testkit_2.12.jar (325ms)
2020.05.27 09:57:08 INFO  [info] 	[SUCCESSFUL ] org.scala-lang.modules#scala-java8-compat_2.12;0.8.0!scala-java8-compat_2.12.jar(bundle) (1939ms)
2020.05.27 09:57:08 INFO  [info] 	[SUCCESSFUL ] com.typesafe.akka#akka-testkit_2.12;2.5.13!akka-testkit_2.12.jar (1693ms)
2020.05.27 09:57:08 INFO  [info] 	[SUCCESSFUL ] org.scalactic#scalactic_2.12;3.1.2!scalactic_2.12.jar(bundle) (2906ms)
2020.05.27 09:57:08 INFO  [info] 	[SUCCESSFUL ] com.google.protobuf#protobuf-java;3.10.0!protobuf-java.jar(bundle) (2898ms)
2020.05.27 09:57:10 INFO  [info] 	[SUCCESSFUL ] com.typesafe.akka#akka-http-core_2.12;10.1.11!akka-http-core_2.12.jar (4240ms)
2020.05.27 09:57:10 INFO  [info] downloading https://repo1.maven.org/maven2/com/typesafe/akka/akka-parsing_2.12/10.1.11/akka-parsing_2.12-10.1.11.jar ...
2020.05.27 09:57:10 INFO  [info] 	[SUCCESSFUL ] com.typesafe.akka#akka-actor_2.12;2.6.3!akka-actor_2.12.jar (4262ms)
2020.05.27 09:57:10 INFO  [info] 	[SUCCESSFUL ] com.chuusai#shapeless_2.12;2.3.3!shapeless_2.12.jar(bundle) (4265ms)
2020.05.27 09:57:10 INFO  [info] downloading https://repo1.maven.org/maven2/org/typelevel/macro-compat_2.12/1.1.1/macro-compat_2.12-1.1.1.jar ...
2020.05.27 09:57:10 INFO  [info] 	[SUCCESSFUL ] org.typelevel#cats-kernel_2.12;2.1.0!cats-kernel_2.12.jar (3930ms)
2020.05.27 09:57:10 INFO  [info] downloading https://repo1.maven.org/maven2/com/typesafe/akka/akka-protobuf-v3_2.12/2.6.3/akka-protobuf-v3_2.12-2.6.3.jar ...
2020.05.27 09:57:10 INFO  [info] 	[SUCCESSFUL ] org.typelevel#cats-core_2.12;2.1.0!cats-core_2.12.jar (4027ms)
2020.05.27 09:57:10 INFO  [info] 	[SUCCESSFUL ] org.scalatest#scalatest_2.12;3.1.2!scalatest_2.12.jar(bundle) (4254ms)
2020.05.27 09:57:10 INFO  [info] 	[SUCCESSFUL ] org.typelevel#macro-compat_2.12;1.1.1!macro-compat_2.12.jar (151ms)
2020.05.27 09:57:10 INFO  [info] downloading https://repo1.maven.org/maven2/com/typesafe/akka/akka-http_2.12/10.1.11/akka-http_2.12-10.1.11.jar ...
2020.05.27 09:57:10 INFO  [info] 	[SUCCESSFUL ] com.typesafe.akka#akka-parsing_2.12;10.1.11!akka-parsing_2.12.jar (189ms)
2020.05.27 09:57:10 INFO  [info] 	[SUCCESSFUL ] com.typesafe.akka#akka-protobuf-v3_2.12;2.6.3!akka-protobuf-v3_2.12.jar (243ms)
2020.05.27 09:57:10 INFO  [info] 	[SUCCESSFUL ] com.typesafe.akka#akka-http_2.12;10.1.11!akka-http_2.12.jar (130ms)
2020.05.27 09:57:10 INFO  [info] downloading https://repo1.maven.org/maven2/com/typesafe/akka/akka-stream_2.12/2.6.3/akka-stream_2.12-2.6.3.jar ...
2020.05.27 09:57:10 INFO  [info] 	[SUCCESSFUL ] com.typesafe.akka#akka-stream_2.12;2.6.3!akka-stream_2.12.jar (193ms)
2020.05.27 09:57:10 INFO  [info] downloading https://repo1.maven.org/maven2/io/circe/circe-core_2.12/0.13.0/circe-core_2.12-0.13.0.jar ...
2020.05.27 09:57:10 INFO  [info] 	[SUCCESSFUL ] io.circe#circe-core_2.12;0.13.0!circe-core_2.12.jar (69ms)
2020.05.27 09:57:10 INFO  [info] Done updating.
2020.05.27 09:57:10 INFO  [warn] Found version conflict(s) in library dependencies; some are suspected to be binary incompatible:
2020.05.27 09:57:10 INFO  [warn] 	* io.circe:circe-parser_2.12:0.13.0 is selected over 0.12.3
2020.05.27 09:57:10 INFO  [warn] 	    +- de.heikoseeberger:akka-http-circe_2.12:1.31.0      (depends on 0.13.0)
2020.05.27 09:57:10 INFO  [warn] 	    +- akkahttp-quickstart:akkahttp-quickstart_2.12:0.1   (depends on 0.12.3)
2020.05.27 09:57:10 INFO  [warn] 	* io.circe:circe-core_2.12:0.13.0 is selected over 0.12.3
2020.05.27 09:57:10 INFO  [warn] 	    +- de.heikoseeberger:akka-http-circe_2.12:1.31.0      (depends on 0.13.0)
2020.05.27 09:57:10 INFO  [warn] 	    +- io.circe:circe-parser_2.12:0.13.0 ()               (depends on 0.13.0)
2020.05.27 09:57:10 INFO  [warn] 	    +- io.circe:circe-jawn_2.12:0.13.0 ()                 (depends on 0.13.0)
2020.05.27 09:57:10 INFO  [warn] 	    +- io.circe:circe-jawn_2.12:0.12.3 ()                 (depends on 0.12.3)
2020.05.27 09:57:10 INFO  [warn] 	    +- io.circe:circe-generic_2.12:0.12.3 ()              (depends on 0.12.3)
2020.05.27 09:57:10 INFO  [warn] 	    +- io.circe:circe-parser_2.12:0.12.3 ()               (depends on 0.12.3)
2020.05.27 09:57:10 INFO  [warn] 	    +- akkahttp-quickstart:akkahttp-quickstart_2.12:0.1   (depends on 0.12.3)
2020.05.27 09:57:10 INFO  [warn] 	* com.typesafe.akka:akka-stream_2.12:2.6.3 is selected over 2.5.13
2020.05.27 09:57:10 INFO  [warn] 	    +- de.heikoseeberger:akka-http-circe_2.12:1.31.0      (depends on 2.6.3)
2020.05.27 09:57:10 INFO  [warn] 	    +- akkahttp-quickstart:akkahttp-quickstart_2.12:0.1   (depends on 2.5.13)
2020.05.27 09:57:10 INFO  [warn] 	* com.typesafe.akka:akka-actor_2.12:2.6.3 is selected over 2.5.13
2020.05.27 09:57:10 INFO  [warn] 	    +- com.typesafe.akka:akka-stream_2.12:2.6.3 ()        (depends on 2.6.3)
2020.05.27 09:57:10 INFO  [warn] 	    +- com.typesafe.akka:akka-stream_2.12:2.5.13 ()       (depends on 2.5.13)
2020.05.27 09:57:10 INFO  [warn] 	    +- akkahttp-quickstart:akkahttp-quickstart_2.12:0.1   (depends on 2.5.13)
2020.05.27 09:57:10 INFO  [warn] 	* io.circe:circe-jawn_2.12:0.13.0 is selected over 0.12.3
2020.05.27 09:57:10 INFO  [warn] 	    +- io.circe:circe-parser_2.12:0.13.0 ()               (depends on 0.13.0)
2020.05.27 09:57:10 INFO  [warn] 	    +- io.circe:circe-parser_2.12:0.12.3 ()               (depends on 0.12.3)
2020.05.27 09:57:10 INFO  [warn] 	* org.typelevel:jawn-parser_2.12:1.0.0 is selected over 0.14.2
2020.05.27 09:57:10 INFO  [warn] 	    +- io.circe:circe-jawn_2.12:0.13.0 ()                 (depends on 1.0.0)
2020.05.27 09:57:10 INFO  [warn] 	    +- io.circe:circe-jawn_2.12:0.12.3 ()                 (depends on 0.14.2)
2020.05.27 09:57:10 INFO  [warn] 	* org.typelevel:cats-core_2.12:2.1.0 is selected over 2.0.0
2020.05.27 09:57:10 INFO  [warn] 	    +- io.circe:circe-core_2.12:0.13.0 ()                 (depends on 2.1.0)
2020.05.27 09:57:10 INFO  [warn] 	    +- io.circe:circe-core_2.12:0.12.3 ()                 (depends on 2.0.0)
2020.05.27 09:57:10 INFO  [warn] 	* org.typelevel:cats-kernel_2.12:2.1.0 is selected over 2.0.0
2020.05.27 09:57:10 INFO  [warn] 	    +- org.typelevel:cats-core_2.12:2.1.0 ()              (depends on 2.1.0)
2020.05.27 09:57:10 INFO  [warn] 	    +- org.typelevel:cats-core_2.12:2.0.0 ()              (depends on 2.0.0)
2020.05.27 09:57:10 INFO  [warn] 	* org.typelevel:cats-macros_2.12:2.1.0 is selected over 2.0.0
2020.05.27 09:57:10 INFO  [warn] 	    +- org.typelevel:cats-core_2.12:2.1.0 ()              (depends on 2.1.0)
2020.05.27 09:57:10 INFO  [warn] 	    +- org.typelevel:cats-core_2.12:2.0.0 ()              (depends on 2.0.0)
2020.05.27 09:57:10 INFO  [warn] 	* io.circe:circe-numbers_2.12:0.13.0 is selected over 0.12.3
2020.05.27 09:57:10 INFO  [warn] 	    +- io.circe:circe-core_2.12:0.13.0 ()                 (depends on 0.13.0)
2020.05.27 09:57:10 INFO  [warn] 	    +- io.circe:circe-core_2.12:0.12.3 ()                 (depends on 0.12.3)
2020.05.27 09:57:10 INFO  [warn] 	* com.typesafe:ssl-config-core_2.12:0.4.1 is selected over 0.2.3
2020.05.27 09:57:10 INFO  [warn] 	    +- com.typesafe.akka:akka-stream_2.12:2.6.3 ()        (depends on 0.4.1)
2020.05.27 09:57:10 INFO  [warn] 	    +- com.typesafe.akka:akka-stream_2.12:2.5.13 ()       (depends on 0.2.3)
2020.05.27 09:57:10 INFO  [warn] 	* com.typesafe.akka:akka-protobuf_2.12 is evicted completely
2020.05.27 09:57:10 INFO  [warn] 	    +- com.typesafe.akka:akka-stream_2.12:2.5.13 ()       (depends on 2.5.13)
2020.05.27 09:57:10 INFO  [warn] Run 'evicted' to see detailed eviction warnings
2020.05.27 09:57:12 INFO  [info] downloading https://repo1.maven.org/maven2/com/typesafe/akka/akka-http-core_2.12/10.1.11/akka-http-core_2.12-10.1.11-sources.jar ...
2020.05.27 09:57:12 INFO  [info] downloading https://repo1.maven.org/maven2/org/typelevel/cats-macros_2.12/2.1.0/cats-macros_2.12-2.1.0-sources.jar ...
2020.05.27 09:57:12 INFO  [info] downloading https://repo1.maven.org/maven2/io/circe/circe-generic_2.12/0.12.3/circe-generic_2.12-0.12.3-sources.jar ...
2020.05.27 09:57:12 INFO  [info] downloading https://repo1.maven.org/maven2/org/typelevel/macro-compat_2.12/1.1.1/macro-compat_2.12-1.1.1-sources.jar ...
2020.05.27 09:57:12 INFO  [info] downloading https://repo1.maven.org/maven2/com/typesafe/akka/akka-http-testkit_2.12/10.1.3/akka-http-testkit_2.12-10.1.3-sources.jar ...
2020.05.27 09:57:12 INFO  [info] downloading https://repo1.maven.org/maven2/io/circe/circe-jawn_2.12/0.13.0/circe-jawn_2.12-0.13.0-sources.jar ...
2020.05.27 09:57:12 INFO  [info] downloading https://repo1.maven.org/maven2/org/typelevel/cats-kernel_2.12/2.1.0/cats-kernel_2.12-2.1.0-sources.jar ...
2020.05.27 09:57:12 INFO  [info] downloading https://repo1.maven.org/maven2/com/typesafe/akka/akka-http_2.12/10.1.11/akka-http_2.12-10.1.11-sources.jar ...
2020.05.27 09:57:12 INFO  [info] downloading https://repo1.maven.org/maven2/com/typesafe/akka/akka-actor_2.12/2.6.3/akka-actor_2.12-2.6.3-sources.jar ...
2020.05.27 09:57:12 INFO  [info] downloading https://repo1.maven.org/maven2/org/scala-lang/modules/scala-xml_2.12/1.2.0/scala-xml_2.12-1.2.0-sources.jar ...
2020.05.27 09:57:12 INFO  [info] downloading https://repo1.maven.org/maven2/org/scalactic/scalactic_2.12/3.1.2/scalactic_2.12-3.1.2-sources.jar ...
2020.05.27 09:57:12 INFO  [info] downloading https://repo1.maven.org/maven2/org/scala-lang/modules/scala-java8-compat_2.12/0.8.0/scala-java8-compat_2.12-0.8.0-sources.jar ...
2020.05.27 09:57:12 INFO  [info] downloading https://repo1.maven.org/maven2/com/google/protobuf/protobuf-java/3.10.0/protobuf-java-3.10.0-sources.jar ...
2020.05.27 09:57:12 INFO  [info] downloading https://repo1.maven.org/maven2/com/typesafe/akka/akka-protobuf-v3_2.12/2.6.3/akka-protobuf-v3_2.12-2.6.3-sources.jar ...
2020.05.27 09:57:12 INFO  [info] 	[SUCCESSFUL ] io.circe#circe-jawn_2.12;0.13.0!circe-jawn_2.12.jar(src) (127ms)
2020.05.27 09:57:12 INFO  [info] 	[SUCCESSFUL ] com.typesafe.akka#akka-http-testkit_2.12;10.1.3!akka-http-testkit_2.12.jar(src) (127ms)
2020.05.27 09:57:12 INFO  [info] 	[SUCCESSFUL ] org.typelevel#cats-macros_2.12;2.1.0!cats-macros_2.12.jar(src) (125ms)
2020.05.27 09:57:12 INFO  [info] 	[SUCCESSFUL ] org.typelevel#macro-compat_2.12;1.1.1!macro-compat_2.12.jar(src) (129ms)
2020.05.27 09:57:12 INFO  [info] 	[SUCCESSFUL ] org.scala-lang.modules#scala-java8-compat_2.12;0.8.0!scala-java8-compat_2.12.jar(src) (132ms)
2020.05.27 09:57:12 INFO  [info] 	[SUCCESSFUL ] org.scalactic#scalactic_2.12;3.1.2!scalactic_2.12.jar(src) (132ms)
2020.05.27 09:57:12 INFO  [info] 	[SUCCESSFUL ] com.typesafe.akka#akka-http-core_2.12;10.1.11!akka-http-core_2.12.jar(src) (146ms)
2020.05.27 09:57:12 INFO  [info] 	[SUCCESSFUL ] com.typesafe.akka#akka-http_2.12;10.1.11!akka-http_2.12.jar(src) (149ms)
2020.05.27 09:57:12 INFO  [info] downloading https://repo1.maven.org/maven2/org/scalatest/scalatest_2.12/3.1.2/scalatest_2.12-3.1.2-sources.jar ...
2020.05.27 09:57:12 INFO  [info] 	[SUCCESSFUL ] org.scala-lang.modules#scala-xml_2.12;1.2.0!scala-xml_2.12.jar(src) (143ms)
2020.05.27 09:57:12 INFO  [info] downloading https://repo1.maven.org/maven2/org/typelevel/jawn-parser_2.12/1.0.0/jawn-parser_2.12-1.0.0-sources.jar ...
2020.05.27 09:57:12 INFO  [info] downloading https://repo1.maven.org/maven2/org/typelevel/cats-core_2.12/2.1.0/cats-core_2.12-2.1.0-sources.jar ...
2020.05.27 09:57:12 INFO  [info] downloading https://repo1.maven.org/maven2/org/reactivestreams/reactive-streams/1.0.3/reactive-streams-1.0.3-sources.jar ...
2020.05.27 09:57:12 INFO  [info] 	[SUCCESSFUL ] com.google.protobuf#protobuf-java;3.10.0!protobuf-java.jar(src) (171ms)
2020.05.27 09:57:12 INFO  [info] downloading https://repo1.maven.org/maven2/de/heikoseeberger/akka-http-circe_2.12/1.31.0/akka-http-circe_2.12-1.31.0-sources.jar ...
2020.05.27 09:57:12 INFO  [info] 	[SUCCESSFUL ] org.typelevel#cats-kernel_2.12;2.1.0!cats-kernel_2.12.jar(src) (226ms)
2020.05.27 09:57:12 INFO  [info] 	[SUCCESSFUL ] io.circe#circe-generic_2.12;0.12.3!circe-generic_2.12.jar(src) (224ms)
2020.05.27 09:57:12 INFO  [info] downloading https://repo1.maven.org/maven2/io/circe/circe-parser_2.12/0.13.0/circe-parser_2.12-0.13.0-sources.jar ...
2020.05.27 09:57:12 INFO  [info] 	[SUCCESSFUL ] org.typelevel#jawn-parser_2.12;1.0.0!jawn-parser_2.12.jar(src) (117ms)
2020.05.27 09:57:12 INFO  [info] 	[SUCCESSFUL ] org.reactivestreams#reactive-streams;1.0.3!reactive-streams.jar(src) (107ms)
2020.05.27 09:57:12 INFO  [info] 	[SUCCESSFUL ] org.typelevel#cats-core_2.12;2.1.0!cats-core_2.12.jar(src) (123ms)
2020.05.27 09:57:12 INFO  [info] downloading https://repo1.maven.org/maven2/com/typesafe/akka/akka-testkit_2.12/2.5.13/akka-testkit_2.12-2.5.13-sources.jar ...
2020.05.27 09:57:12 INFO  [info] downloading https://repo1.maven.org/maven2/com/chuusai/shapeless_2.12/2.3.3/shapeless_2.12-2.3.3-sources.jar ...
2020.05.27 09:57:12 INFO  [info] 	[SUCCESSFUL ] org.scalatest#scalatest_2.12;3.1.2!scalatest_2.12.jar(src) (149ms)
2020.05.27 09:57:12 INFO  [info] 	[SUCCESSFUL ] io.circe#circe-parser_2.12;0.13.0!circe-parser_2.12.jar(src) (63ms)
2020.05.27 09:57:12 INFO  [info] 	[SUCCESSFUL ] com.typesafe.akka#akka-testkit_2.12;2.5.13!akka-testkit_2.12.jar(src) (171ms)
2020.05.27 09:57:12 INFO  [info] 	[SUCCESSFUL ] com.typesafe.akka#akka-actor_2.12;2.6.3!akka-actor_2.12.jar(src) (324ms)
2020.05.27 09:57:12 INFO  [info] downloading https://repo1.maven.org/maven2/com/typesafe/akka/akka-parsing_2.12/10.1.11/akka-parsing_2.12-10.1.11-sources.jar ...
2020.05.27 09:57:12 INFO  [info] downloading https://repo1.maven.org/maven2/com/typesafe/akka/akka-stream-testkit_2.12/2.5.13/akka-stream-testkit_2.12-2.5.13-sources.jar ...
2020.05.27 09:57:12 INFO  [info] 	[SUCCESSFUL ] de.heikoseeberger#akka-http-circe_2.12;1.31.0!akka-http-circe_2.12.jar(src) (379ms)
2020.05.27 09:57:12 INFO  [info] 	[SUCCESSFUL ] com.typesafe.akka#akka-protobuf-v3_2.12;2.6.3!akka-protobuf-v3_2.12.jar(src) (374ms)
2020.05.27 09:57:12 INFO  [info] 	[SUCCESSFUL ] com.typesafe.akka#akka-parsing_2.12;10.1.11!akka-parsing_2.12.jar(src) (389ms)
2020.05.27 09:57:12 INFO  [info] downloading https://repo1.maven.org/maven2/io/circe/circe-numbers_2.12/0.13.0/circe-numbers_2.12-0.13.0-sources.jar ...
2020.05.27 09:57:12 INFO  [info] downloading https://repo1.maven.org/maven2/com/typesafe/config/1.4.0/config-1.4.0-sources.jar ...
2020.05.27 09:57:12 INFO  [info] downloading https://repo1.maven.org/maven2/io/circe/circe-core_2.12/0.13.0/circe-core_2.12-0.13.0-sources.jar ...
2020.05.27 09:57:12 INFO  [info] downloading https://repo1.maven.org/maven2/com/typesafe/ssl-config-core_2.12/0.4.1/ssl-config-core_2.12-0.4.1-sources.jar ...
2020.05.27 09:57:12 INFO  [info] 	[SUCCESSFUL ] io.circe#circe-numbers_2.12;0.13.0!circe-numbers_2.12.jar(src) (114ms)
2020.05.27 09:57:12 INFO  [info] 	[SUCCESSFUL ] com.typesafe#config;1.4.0!config.jar(src) (123ms)
2020.05.27 09:57:12 INFO  [info] downloading https://repo1.maven.org/maven2/com/typesafe/akka/akka-stream_2.12/2.6.3/akka-stream_2.12-2.6.3-sources.jar ...
2020.05.27 09:57:12 INFO  [info] 	[SUCCESSFUL ] com.typesafe.akka#akka-stream-testkit_2.12;2.5.13!akka-stream-testkit_2.12.jar(src) (385ms)
2020.05.27 09:57:12 INFO  [info] 	[SUCCESSFUL ] com.chuusai#shapeless_2.12;2.3.3!shapeless_2.12.jar(src) (538ms)
2020.05.27 09:57:12 INFO  [info] downloading https://repo1.maven.org/maven2/org/scala-lang/modules/scala-parser-combinators_2.12/1.1.2/scala-parser-combinators_2.12-1.1.2-sources.jar ...
2020.05.27 09:57:12 INFO  [info] 	[SUCCESSFUL ] io.circe#circe-core_2.12;0.13.0!circe-core_2.12.jar(src) (229ms)
2020.05.27 09:57:12 INFO  [info] 	[SUCCESSFUL ] org.scala-lang.modules#scala-parser-combinators_2.12;1.1.2!scala-parser-combinators_2.12.jar(src) (93ms)
2020.05.27 09:57:12 INFO  [info] 	[SUCCESSFUL ] com.typesafe#ssl-config-core_2.12;0.4.1!ssl-config-core_2.12.jar(src) (577ms)
2020.05.27 09:57:12 INFO  [info] 	[SUCCESSFUL ] com.typesafe.akka#akka-stream_2.12;2.6.3!akka-stream_2.12.jar(src) (447ms)
2020.05.27 09:57:13 INFO  [success] Generated .bloop/akka-http-test.json
2020.05.27 09:57:13 INFO  [success] Generated .bloop/akka-http.json
2020.05.27 09:57:13 INFO  [success] Total time: 23 s, completed May 27, 2020, 9:57:13 AM
2020.05.27 09:57:13 INFO  build tool exit: 0
2020.05.27 09:57:13 INFO  time: ran 'sbt bloopInstall' in 45s
2020.05.27 09:57:13 INFO  disconnected: build server
No more data in the client stdin, exiting...
Starting the bsp launcher for bloop...
Opening a bsp server connection with 'bsp --protocol local --socket /var/folders/2w/qkqxy6h91jz_d0_vk99q76xh0000gn/T/bsp-launcher1099648494618031629/bsp.socket'...
Waiting for the bsp connection to come up...
No more data in the server stdin, exiting...
No more data in the server stdin, exiting...
[0m[32m[D][0m Loading workspace settings from bloop.settings.json
[0m[32m[D][0m Loading 2 projects from '/Users/IvanFerrante/Desktop/akka-http/.bloop'...
[0m[32m[D][0m Loading project from '/Users/IvanFerrante/Desktop/akka-http/.bloop/akka-http.json'
[0m[32m[D][0m Loading project from '/Users/IvanFerrante/Desktop/akka-http/.bloop/akka-http-test.json'
[0m[32m[D][0m Configured SemanticDB in projects 'akka-http', 'akka-http-test'
[0m[32m[D][0m Waiting for a connection at local:///var/folders/2w/qkqxy6h91jz_d0_vk99q76xh0000gn/T/bsp-launcher1099648494618031629/bsp.socket...
The server is listening for incoming connections at local:///var/folders/2w/qkqxy6h91jz_d0_vk99q76xh0000gn/T/bsp-launcher1099648494618031629/bsp.socket...
Starting thread that pumps stdin and redirects it to the bsp server...
Starting thread that pumps server stdout and redirects it to the client stdout...
2020.05.27 09:57:13 INFO  tracing is disabled for protocol BSP, to enable tracing of incoming and outgoing JSON messages create an empty file at /Users/IvanFerrante/Library/Caches/org.scalameta.metals/bsp.trace.json
2020.05.27 09:57:13 INFO  Connected to Build server v1.4.0-RC1-229-b7c15aa9
2020.05.27 09:57:17 INFO  time: indexed workspace in 4.04s
May 27, 2020 10:01:28 AM org.eclipse.lsp4j.jsonrpc.services.GenericEndpoint notify
INFO: Unsupported notification method: $/setTraceNotification
2020.05.27 10:03:03 INFO  shutting down Metals
No more data in the client stdin, exiting...
No more data in the server stdin, exiting...
2020.05.27 10:03:16 INFO  started: Metals version 0.9.0 in workspace '/Users/IvanFerrante/Desktop/akka-http'
2020.05.27 10:03:18 INFO  time: initialize in 1.86s
Starting the bsp launcher for bloop...
Opening a bsp server connection with 'bsp --protocol local --socket /var/folders/2w/qkqxy6h91jz_d0_vk99q76xh0000gn/T/bsp-launcher6840098074494552579/bsp.socket'...
Waiting for the bsp connection to come up...
[0m[32m[D][0m Loading workspace settings from bloop.settings.json
[0m[32m[D][0m Waiting for a connection at local:///var/folders/2w/qkqxy6h91jz_d0_vk99q76xh0000gn/T/bsp-launcher6840098074494552579/bsp.socket...
The server is listening for incoming connections at local:///var/folders/2w/qkqxy6h91jz_d0_vk99q76xh0000gn/T/bsp-launcher6840098074494552579/bsp.socket...
2020.05.27 10:03:19 INFO  skipping build import with status 'Installed'
2020.05.27 10:03:19 INFO  no build target: using presentation compiler with only scala-library
Starting thread that pumps stdin and redirects it to the bsp server...
Starting thread that pumps server stdout and redirects it to the client stdout...
2020.05.27 10:03:19 INFO  tracing is disabled for protocol BSP, to enable tracing of incoming and outgoing JSON messages create an empty file at /Users/IvanFerrante/Library/Caches/org.scalameta.metals/bsp.trace.json
2020.05.27 10:03:19 INFO  time: connected to build server in 0.56s
2020.05.27 10:03:19 INFO  Connected to Build server v1.4.0-RC1-229-b7c15aa9
2020.05.27 10:03:26 INFO  time: indexed workspace in 6.41s
2020.05.27 10:10:01 INFO  skipping build import with status 'Installed'
May 27, 2020 10:12:06 AM org.eclipse.lsp4j.jsonrpc.RemoteEndpoint handleCancellation
WARNING: Unmatched cancel notification for request id 91
May 27, 2020 10:12:10 AM scala.meta.internal.pc.CompilerAccess retryWithCleanCompiler
INFO: compiler crashed due to an error in the Scala compiler, retrying with new compiler instance.
May 27, 2020 10:12:10 AM scala.meta.internal.pc.CompilerAccess handleError
SEVERE: implicit class <error> extends  (of class scala.reflect.internal.Trees$ClassDef)
scala.MatchError: implicit class <error> extends  (of class scala.reflect.internal.Trees$ClassDef)
	at scala.tools.nsc.typechecker.Unapplies.constrParamss(Unapplies.scala:64)
	at scala.tools.nsc.typechecker.Unapplies.factoryMeth(Unapplies.scala:141)
	at scala.tools.nsc.typechecker.Unapplies.factoryMeth$(Unapplies.scala:138)
	at scala.meta.internal.pc.MetalsGlobal$MetalsInteractiveAnalyzer.factoryMeth(MetalsGlobal.scala:52)
	at scala.tools.nsc.typechecker.MethodSynthesis$MethodSynth.enterImplicitWrapper(MethodSynthesis.scala:229)
	at scala.tools.nsc.typechecker.MethodSynthesis$MethodSynth.enterImplicitWrapper$(MethodSynthesis.scala:228)
	at scala.tools.nsc.typechecker.Namers$Namer.enterImplicitWrapper(Namers.scala:58)
	at scala.tools.nsc.interactive.InteractiveAnalyzer$InteractiveNamer.enterExistingSym(Global.scala:94)
	at scala.tools.nsc.interactive.InteractiveAnalyzer$InteractiveNamer.enterExistingSym$(Global.scala:80)
	at scala.tools.nsc.interactive.InteractiveAnalyzer$$anon$2.enterExistingSym(Global.scala:51)
	at scala.tools.nsc.typechecker.Namers$Namer.standardEnterSym(Namers.scala:298)
	at scala.tools.nsc.typechecker.AnalyzerPlugins.pluginsEnterSym(AnalyzerPlugins.scala:479)
	at scala.tools.nsc.typechecker.AnalyzerPlugins.pluginsEnterSym$(AnalyzerPlugins.scala:478)
	at scala.meta.internal.pc.MetalsGlobal$MetalsInteractiveAnalyzer.pluginsEnterSym(MetalsGlobal.scala:52)
	at scala.tools.nsc.typechecker.Namers$Namer.enterSym(Namers.scala:272)
	at scala.tools.nsc.typechecker.Typers$Typer.enterSym(Typers.scala:1933)
	at scala.tools.nsc.typechecker.Typers$Typer.$anonfun$enterSyms$1(Typers.scala:1928)
	at scala.tools.nsc.typechecker.Typers$Typer.enterSyms(Typers.scala:1928)
	at scala.tools.nsc.typechecker.Typers$Typer.typedTemplate(Typers.scala:1990)
	at scala.tools.nsc.typechecker.Typers$Typer.typedModuleDef(Typers.scala:1883)
	at scala.tools.nsc.typechecker.Typers$Typer.typed1(Typers.scala:5654)
	at scala.tools.nsc.typechecker.Typers$Typer.typed(Typers.scala:5733)
	at scala.tools.nsc.typechecker.Typers$Typer.typedStat$1(Typers.scala:5797)
	at scala.tools.nsc.typechecker.Typers$Typer.$anonfun$typedStats$10(Typers.scala:3357)
	at scala.tools.nsc.typechecker.Typers$Typer.typedStats(Typers.scala:3357)
	at scala.tools.nsc.typechecker.Typers$Typer.typedPackageDef$1(Typers.scala:5363)
	at scala.tools.nsc.typechecker.Typers$Typer.typed1(Typers.scala:5656)
	at scala.tools.nsc.typechecker.Typers$Typer.typed(Typers.scala:5733)
	at scala.tools.nsc.typechecker.Analyzer$typerFactory$TyperPhase.apply(Analyzer.scala:115)
	at scala.tools.nsc.Global$GlobalPhase.applyPhase(Global.scala:451)
	at scala.tools.nsc.interactive.Global$TyperRun.$anonfun$applyPhase$1(Global.scala:1340)
	at scala.tools.nsc.interactive.Global$TyperRun.applyPhase(Global.scala:1340)
	at scala.tools.nsc.interactive.Global$TyperRun.typeCheck(Global.scala:1333)
	at scala.tools.nsc.interactive.Global.typeCheck(Global.scala:665)
	at scala.tools.nsc.interactive.Global.typedTreeAt(Global.scala:814)
	at scala.tools.nsc.interactive.Global.completionsAt(Global.scala:1225)
	at scala.meta.internal.pc.CompletionProvider.safeCompletionsAt(CompletionProvider.scala:370)
	at scala.meta.internal.pc.CompletionProvider.completions(CompletionProvider.scala:53)

May 27, 2020 10:13:08 AM scala.meta.internal.pc.CompilerAccess retryWithCleanCompiler
INFO: compiler crashed due to an error in the Scala compiler, retrying with new compiler instance.
May 27, 2020 10:13:08 AM scala.meta.internal.pc.CompilerAccess handleError
SEVERE: implicit class <error> extends  (of class scala.reflect.internal.Trees$ClassDef)
scala.MatchError: implicit class <error> extends  (of class scala.reflect.internal.Trees$ClassDef)
	at scala.tools.nsc.typechecker.Unapplies.constrParamss(Unapplies.scala:64)
	at scala.tools.nsc.typechecker.Unapplies.factoryMeth(Unapplies.scala:141)
	at scala.tools.nsc.typechecker.Unapplies.factoryMeth$(Unapplies.scala:138)
	at scala.meta.internal.pc.MetalsGlobal$MetalsInteractiveAnalyzer.factoryMeth(MetalsGlobal.scala:52)
	at scala.tools.nsc.typechecker.MethodSynthesis$MethodSynth.enterImplicitWrapper(MethodSynthesis.scala:229)
	at scala.tools.nsc.typechecker.MethodSynthesis$MethodSynth.enterImplicitWrapper$(MethodSynthesis.scala:228)
	at scala.tools.nsc.typechecker.Namers$Namer.enterImplicitWrapper(Namers.scala:58)
	at scala.tools.nsc.interactive.InteractiveAnalyzer$InteractiveNamer.enterExistingSym(Global.scala:94)
	at scala.tools.nsc.interactive.InteractiveAnalyzer$InteractiveNamer.enterExistingSym$(Global.scala:80)
	at scala.tools.nsc.interactive.InteractiveAnalyzer$$anon$2.enterExistingSym(Global.scala:51)
	at scala.tools.nsc.typechecker.Namers$Namer.standardEnterSym(Namers.scala:298)
	at scala.tools.nsc.typechecker.AnalyzerPlugins.pluginsEnterSym(AnalyzerPlugins.scala:479)
	at scala.tools.nsc.typechecker.AnalyzerPlugins.pluginsEnterSym$(AnalyzerPlugins.scala:478)
	at scala.meta.internal.pc.MetalsGlobal$MetalsInteractiveAnalyzer.pluginsEnterSym(MetalsGlobal.scala:52)
	at scala.tools.nsc.typechecker.Namers$Namer.enterSym(Namers.scala:272)
	at scala.tools.nsc.typechecker.Typers$Typer.enterSym(Typers.scala:1933)
	at scala.tools.nsc.typechecker.Typers$Typer.$anonfun$enterSyms$1(Typers.scala:1928)
	at scala.tools.nsc.typechecker.Typers$Typer.enterSyms(Typers.scala:1928)
	at scala.tools.nsc.typechecker.Typers$Typer.typedTemplate(Typers.scala:1990)
	at scala.tools.nsc.typechecker.Typers$Typer.typedModuleDef(Typers.scala:1883)
	at scala.tools.nsc.typechecker.Typers$Typer.typed1(Typers.scala:5654)
	at scala.tools.nsc.typechecker.Typers$Typer.typed(Typers.scala:5733)
	at scala.tools.nsc.typechecker.Typers$Typer.typedStat$1(Typers.scala:5797)
	at scala.tools.nsc.typechecker.Typers$Typer.$anonfun$typedStats$10(Typers.scala:3357)
	at scala.tools.nsc.typechecker.Typers$Typer.typedStats(Typers.scala:3357)
	at scala.tools.nsc.typechecker.Typers$Typer.typedPackageDef$1(Typers.scala:5363)
	at scala.tools.nsc.typechecker.Typers$Typer.typed1(Typers.scala:5656)
	at scala.tools.nsc.typechecker.Typers$Typer.typed(Typers.scala:5733)
	at scala.tools.nsc.typechecker.Analyzer$typerFactory$TyperPhase.apply(Analyzer.scala:115)
	at scala.tools.nsc.Global$GlobalPhase.applyPhase(Global.scala:451)
	at scala.tools.nsc.interactive.Global$TyperRun.$anonfun$applyPhase$1(Global.scala:1340)
	at scala.tools.nsc.interactive.Global$TyperRun.applyPhase(Global.scala:1340)
	at scala.tools.nsc.interactive.Global$TyperRun.typeCheck(Global.scala:1333)
	at scala.tools.nsc.interactive.Global.typeCheck(Global.scala:665)
	at scala.tools.nsc.interactive.Global.typedTreeAt(Global.scala:814)
	at scala.tools.nsc.interactive.Global.completionsAt(Global.scala:1225)
	at scala.meta.internal.pc.CompletionProvider.safeCompletionsAt(CompletionProvider.scala:370)
	at scala.meta.internal.pc.CompletionProvider.completions(CompletionProvider.scala:53)

May 27, 2020 10:13:24 AM org.eclipse.lsp4j.jsonrpc.RemoteEndpoint handleCancellation
WARNING: Unmatched cancel notification for request id 294
May 27, 2020 10:13:32 AM org.eclipse.lsp4j.jsonrpc.RemoteEndpoint handleCancellation
WARNING: Unmatched cancel notification for request id 324
May 27, 2020 10:15:32 AM org.eclipse.lsp4j.jsonrpc.RemoteEndpoint handleCancellation
WARNING: Unmatched cancel notification for request id 539
2020.05.27 10:17:08 INFO  compiling akka-http (1 scala source)
2020.05.27 10:17:10 WARN  there were three deprecation warnings (since 2.6.0); re-run with -deprecation for details
2020.05.27 10:17:10 INFO  time: compiled akka-http in 1.6s
2020.05.27 10:19:55 INFO  compiling akka-http (1 scala source)
2020.05.27 10:19:55 INFO  time: compiled akka-http in 0.5s
2020.05.27 10:20:25 INFO  compiling akka-http (1 scala source)
2020.05.27 10:20:25 INFO  time: compiled akka-http in 0.34s
2020.05.27 10:20:31 INFO  compiling akka-http (1 scala source)
2020.05.27 10:20:32 WARN  there were three deprecation warnings (since 2.6.0); re-run with -deprecation for details
2020.05.27 10:20:32 INFO  time: compiled akka-http in 1.13s
May 27, 2020 10:20:58 AM org.eclipse.lsp4j.jsonrpc.RemoteEndpoint handleCancellation
WARNING: Unmatched cancel notification for request id 952
May 27, 2020 10:20:58 AM org.eclipse.lsp4j.jsonrpc.RemoteEndpoint handleCancellation
WARNING: Unmatched cancel notification for request id 951
2020.05.27 10:23:04 INFO  compiling akka-http (1 scala source)
2020.05.27 10:23:05 WARN  there were three deprecation warnings (since 2.6.0); re-run with -deprecation for details
2020.05.27 10:23:05 INFO  time: compiled akka-http in 1.25s
2020.05.27 10:23:28 INFO  compiling akka-http (1 scala source)
2020.05.27 10:23:28 INFO  time: compiled akka-http in 0.35s
May 27, 2020 10:23:37 AM org.eclipse.lsp4j.jsonrpc.RemoteEndpoint handleCancellation
WARNING: Unmatched cancel notification for request id 1397
2020.05.27 10:23:45 INFO  compiling akka-http (1 scala source)
2020.05.27 10:23:46 WARN  there were three deprecation warnings (since 2.6.0); re-run with -deprecation for details
2020.05.27 10:23:46 INFO  time: compiled akka-http in 1.81s
2020.05.27 10:24:16 INFO  tracing is disabled for protocol dap-server, to enable tracing of incoming and outgoing JSON messages create an empty file at /Users/IvanFerrante/Library/Caches/org.scalameta.metals/dap-server.trace.json
2020.05.27 10:24:16 INFO  tracing is disabled for protocol dap-client, to enable tracing of incoming and outgoing JSON messages create an empty file at /Users/IvanFerrante/Library/Caches/org.scalameta.metals/dap-client.trace.json
2020.05.27 10:24:16 INFO  Starting debug proxy for [Main]
2020.05.27 10:24:16 INFO  Canceling debug proxy for [Main]
